# JRE version: OpenJDK Runtime Environment 18.9 (11.0.11+9) (build 11.0.11+9)
# Java VM: OpenJDK 64-Bit Server VM 18.9 (11.0.11+9, mixed mode, tiered, compressed oops, g1 gc, windows-amd64)
Heap:
 garbage-first heap   total 293888K, used 131849K [0x0000000740000000, 0x0000000800000000)
  region size 1024K, 39 young (39936K), 1 survivors (1024K)
 Metaspace       used 94457K, capacity 95585K, committed 100360K, reserved 1136640K
  class space    used 11461K, capacity 11907K, committed 13568K, reserved 1048576K
GC Heap History (20 events):
Event: 115743.044 GC heap before
{Heap before GC invocations=1253 (full 516):
 garbage-first heap   total 293888K, used 149921K [0x0000000740000000, 0x0000000800000000)
  region size 1024K, 60 young (61440K), 1 survivors (1024K)
 Metaspace       used 94406K, capacity 95509K, committed 100360K, reserved 1136640K
  class space    used 11459K, capacity 11905K, committed 13568K, reserved 1048576K
}
Event: 115743.045 GC heap after
{Heap after GC invocations=1254 (full 516):
 garbage-first heap   total 293888K, used 89512K [0x0000000740000000, 0x0000000800000000)
  region size 1024K, 1 young (1024K), 1 survivors (1024K)
 Metaspace       used 94406K, capacity 95509K, committed 100360K, reserved 1136640K
  class space    used 11459K, capacity 11905K, committed 13568K, reserved 1048576K
}
Event: 115744.287 GC heap before
{Heap before GC invocations=1254 (full 516):
 garbage-first heap   total 293888K, used 112040K [0x0000000740000000, 0x0000000800000000)
  region size 1024K, 24 young (24576K), 1 survivors (1024K)
 Metaspace       used 94412K, capacity 95509K, committed 100360K, reserved 1136640K
  class space    used 11459K, capacity 11905K, committed 13568K, reserved 1048576K
}
Event: 115744.351 GC heap after
{Heap after GC invocations=1255 (full 517):
 garbage-first heap   total 293888K, used 88810K [0x0000000740000000, 0x0000000800000000)
  region size 1024K, 0 young (0K), 0 survivors (0K)
 Metaspace       used 94412K, capacity 95509K, committed 100360K, reserved 1136640K
  class space    used 11459K, capacity 11905K, committed 13568K, reserved 1048576K
}
Event: 115750.941 GC heap before
{Heap before GC invocations=1255 (full 517):
 garbage-first heap   total 293888K, used 150250K [0x0000000740000000, 0x0000000800000000)
  region size 1024K, 60 young (61440K), 0 survivors (0K)
 Metaspace       used 94413K, capacity 95509K, committed 100360K, reserved 1136640K
  class space    used 11459K, capacity 11905K, committed 13568K, reserved 1048576K
}
Event: 115750.942 GC heap after
{Heap after GC invocations=1256 (full 517):
 garbage-first heap   total 293888K, used 89298K [0x0000000740000000, 0x0000000800000000)
  region size 1024K, 1 young (1024K), 1 survivors (1024K)
 Metaspace       used 94413K, capacity 95509K, committed 100360K, reserved 1136640K
  class space    used 11459K, capacity 11905K, committed 13568K, reserved 1048576K
}
Event: 115754.840 GC heap before
{Heap before GC invocations=1256 (full 517):
 garbage-first heap   total 293888K, used 149714K [0x0000000740000000, 0x0000000800000000)
  region size 1024K, 60 young (61440K), 1 survivors (1024K)
 Metaspace       used 94415K, capacity 95509K, committed 100360K, reserved 1136640K
  class space    used 11459K, capacity 11905K, committed 13568K, reserved 1048576K
}
Event: 115754.842 GC heap after
{Heap after GC invocations=1257 (full 517):
 garbage-first heap   total 293888K, used 89454K [0x0000000740000000, 0x0000000800000000)
  region size 1024K, 1 young (1024K), 1 survivors (1024K)
 Metaspace       used 94415K, capacity 95509K, committed 100360K, reserved 1136640K
  class space    used 11459K, capacity 11905K, committed 13568K, reserved 1048576K
}
Event: 115767.423 GC heap before
{Heap before GC invocations=1257 (full 517):
 garbage-first heap   total 293888K, used 149870K [0x0000000740000000, 0x0000000800000000)
  region size 1024K, 60 young (61440K), 1 survivors (1024K)
 Metaspace       used 94426K, capacity 95573K, committed 100360K, reserved 1136640K
  class space    used 11459K, capacity 11905K, committed 13568K, reserved 1048576K
}
Event: 115767.424 GC heap after
{Heap after GC invocations=1258 (full 517):
 garbage-first heap   total 293888K, used 89600K [0x0000000740000000, 0x0000000800000000)
  region size 1024K, 1 young (1024K), 1 survivors (1024K)
 Metaspace       used 94426K, capacity 95573K, committed 100360K, reserved 1136640K
  class space    used 11459K, capacity 11905K, committed 13568K, reserved 1048576K
}
Event: 115805.436 GC heap before
{Heap before GC invocations=1258 (full 517):
 garbage-first heap   total 293888K, used 150016K [0x0000000740000000, 0x0000000800000000)
  region size 1024K, 60 young (61440K), 1 survivors (1024K)
 Metaspace       used 94428K, capacity 95573K, committed 100360K, reserved 1136640K
  class space    used 11459K, capacity 11905K, committed 13568K, reserved 1048576K
}
Event: 115805.438 GC heap after
{Heap after GC invocations=1259 (full 517):
 garbage-first heap   total 293888K, used 89410K [0x0000000740000000, 0x0000000800000000)
  region size 1024K, 1 young (1024K), 1 survivors (1024K)
 Metaspace       used 94428K, capacity 95573K, committed 100360K, reserved 1136640K
  class space    used 11459K, capacity 11905K, committed 13568K, reserved 1048576K
}
Event: 115806.805 GC heap before
{Heap before GC invocations=1259 (full 517):
 garbage-first heap   total 293888K, used 119106K [0x0000000740000000, 0x0000000800000000)
  region size 1024K, 31 young (31744K), 1 survivors (1024K)
 Metaspace       used 94428K, capacity 95573K, committed 100360K, reserved 1136640K
  class space    used 11459K, capacity 11905K, committed 13568K, reserved 1048576K
}
Event: 115806.870 GC heap after
{Heap after GC invocations=1260 (full 518):
 garbage-first heap   total 293888K, used 88959K [0x0000000740000000, 0x0000000800000000)
  region size 1024K, 0 young (0K), 0 survivors (0K)
 Metaspace       used 94428K, capacity 95573K, committed 100360K, reserved 1136640K
  class space    used 11459K, capacity 11905K, committed 13568K, reserved 1048576K
}
Event: 115809.444 GC heap before
{Heap before GC invocations=1260 (full 518):
 garbage-first heap   total 293888K, used 152447K [0x0000000740000000, 0x0000000800000000)
  region size 1024K, 60 young (61440K), 0 survivors (0K)
 Metaspace       used 94445K, capacity 95573K, committed 100360K, reserved 1136640K
  class space    used 11459K, capacity 11905K, committed 13568K, reserved 1048576K
}
Event: 115809.446 GC heap after
{Heap after GC invocations=1261 (full 518):
 garbage-first heap   total 293888K, used 91492K [0x0000000740000000, 0x0000000800000000)
  region size 1024K, 1 young (1024K), 1 survivors (1024K)
 Metaspace       used 94445K, capacity 95573K, committed 100360K, reserved 1136640K
  class space    used 11459K, capacity 11905K, committed 13568K, reserved 1048576K
}
Event: 115809.496 GC heap before
{Heap before GC invocations=1261 (full 518):
 garbage-first heap   total 293888K, used 100708K [0x0000000740000000, 0x0000000800000000)
  region size 1024K, 7 young (7168K), 1 survivors (1024K)
 Metaspace       used 94445K, capacity 95573K, committed 100360K, reserved 1136640K
  class space    used 11459K, capacity 11905K, committed 13568K, reserved 1048576K
}
Event: 115809.564 GC heap after
{Heap after GC invocations=1262 (full 519):
 garbage-first heap   total 293888K, used 89063K [0x0000000740000000, 0x0000000800000000)
  region size 1024K, 0 young (0K), 0 survivors (0K)
 Metaspace       used 94445K, capacity 95573K, committed 100360K, reserved 1136640K
  class space    used 11459K, capacity 11905K, committed 13568K, reserved 1048576K
}
Event: 115811.991 GC heap before
{Heap before GC invocations=1262 (full 519):
 garbage-first heap   total 293888K, used 154599K [0x0000000740000000, 0x0000000800000000)
  region size 1024K, 60 young (61440K), 0 survivors (0K)
 Metaspace       used 94457K, capacity 95585K, committed 100360K, reserved 1136640K
  class space    used 11461K, capacity 11907K, committed 13568K, reserved 1048576K
}
Event: 115811.993 GC heap after
{Heap after GC invocations=1263 (full 519):
 garbage-first heap   total 293888K, used 93961K [0x0000000740000000, 0x0000000800000000)
  region size 1024K, 1 young (1024K), 1 survivors (1024K)
 Metaspace       used 94457K, capacity 95585K, committed 100360K, reserved 1136640K
  class space    used 11461K, capacity 11907K, committed 13568K, reserved 1048576K
}

