# JRE version: OpenJDK Runtime Environment 18.9 (11.0.11+9) (build 11.0.11+9)
# Java VM: OpenJDK 64-Bit Server VM 18.9 (11.0.11+9, mixed mode, tiered, compressed oops, g1 gc, windows-amd64)
Heap:
 garbage-first heap   total 434176K, used 183226K [0x0000000740000000, 0x0000000800000000)
  region size 1024K, 57 young (58368K), 1 survivors (1024K)
 Metaspace       used 109444K, capacity 110822K, committed 113288K, reserved 1146880K
  class space    used 14129K, capacity 14627K, committed 15488K, reserved 1048576K
GC Heap History (20 events):
Event: 337029.787 GC heap before
{Heap before GC invocations=2526 (full 450):
 garbage-first heap   total 434176K, used 188012K [0x0000000740000000, 0x0000000800000000)
  region size 1024K, 60 young (61440K), 1 survivors (1024K)
 Metaspace       used 109441K, capacity 110822K, committed 113288K, reserved 1146880K
  class space    used 14129K, capacity 14627K, committed 15488K, reserved 1048576K
}
Event: 337029.790 GC heap after
{Heap after GC invocations=2527 (full 450):
 garbage-first heap   total 434176K, used 128143K [0x0000000740000000, 0x0000000800000000)
  region size 1024K, 1 young (1024K), 1 survivors (1024K)
 Metaspace       used 109441K, capacity 110822K, committed 113288K, reserved 1146880K
  class space    used 14129K, capacity 14627K, committed 15488K, reserved 1048576K
}
Event: 337032.621 GC heap before
{Heap before GC invocations=2527 (full 450):
 garbage-first heap   total 434176K, used 187535K [0x0000000740000000, 0x0000000800000000)
  region size 1024K, 60 young (61440K), 1 survivors (1024K)
 Metaspace       used 109441K, capacity 110822K, committed 113288K, reserved 1146880K
  class space    used 14129K, capacity 14627K, committed 15488K, reserved 1048576K
}
Event: 337032.623 GC heap after
{Heap after GC invocations=2528 (full 450):
 garbage-first heap   total 434176K, used 127740K [0x0000000740000000, 0x0000000800000000)
  region size 1024K, 1 young (1024K), 1 survivors (1024K)
 Metaspace       used 109441K, capacity 110822K, committed 113288K, reserved 1146880K
  class space    used 14129K, capacity 14627K, committed 15488K, reserved 1048576K
}
Event: 337037.817 GC heap before
{Heap before GC invocations=2529 (full 450):
 garbage-first heap   total 434176K, used 188156K [0x0000000740000000, 0x0000000800000000)
  region size 1024K, 60 young (61440K), 1 survivors (1024K)
 Metaspace       used 109443K, capacity 110822K, committed 113288K, reserved 1146880K
  class space    used 14129K, capacity 14627K, committed 15488K, reserved 1048576K
}
Event: 337037.818 GC heap after
{Heap after GC invocations=2530 (full 450):
 garbage-first heap   total 434176K, used 128330K [0x0000000740000000, 0x0000000800000000)
  region size 1024K, 2 young (2048K), 2 survivors (2048K)
 Metaspace       used 109443K, capacity 110822K, committed 113288K, reserved 1146880K
  class space    used 14129K, capacity 14627K, committed 15488K, reserved 1048576K
}
Event: 337046.717 GC heap before
{Heap before GC invocations=2530 (full 450):
 garbage-first heap   total 434176K, used 187722K [0x0000000740000000, 0x0000000800000000)
  region size 1024K, 60 young (61440K), 2 survivors (2048K)
 Metaspace       used 109443K, capacity 110822K, committed 113288K, reserved 1146880K
  class space    used 14129K, capacity 14627K, committed 15488K, reserved 1048576K
}
Event: 337046.719 GC heap after
{Heap after GC invocations=2531 (full 450):
 garbage-first heap   total 434176K, used 127811K [0x0000000740000000, 0x0000000800000000)
  region size 1024K, 1 young (1024K), 1 survivors (1024K)
 Metaspace       used 109443K, capacity 110822K, committed 113288K, reserved 1146880K
  class space    used 14129K, capacity 14627K, committed 15488K, reserved 1048576K
}
Event: 337073.501 GC heap before
{Heap before GC invocations=2532 (full 450):
 garbage-first heap   total 434176K, used 188227K [0x0000000740000000, 0x0000000800000000)
  region size 1024K, 60 young (61440K), 1 survivors (1024K)
 Metaspace       used 109444K, capacity 110822K, committed 113288K, reserved 1146880K
  class space    used 14129K, capacity 14627K, committed 15488K, reserved 1048576K
}
Event: 337073.503 GC heap after
{Heap after GC invocations=2533 (full 450):
 garbage-first heap   total 434176K, used 127801K [0x0000000740000000, 0x0000000800000000)
  region size 1024K, 1 young (1024K), 1 survivors (1024K)
 Metaspace       used 109444K, capacity 110822K, committed 113288K, reserved 1146880K
  class space    used 14129K, capacity 14627K, committed 15488K, reserved 1048576K
}
Event: 337155.097 GC heap before
{Heap before GC invocations=2533 (full 450):
 garbage-first heap   total 434176K, used 188217K [0x0000000740000000, 0x0000000800000000)
  region size 1024K, 60 young (61440K), 1 survivors (1024K)
 Metaspace       used 109444K, capacity 110822K, committed 113288K, reserved 1146880K
  class space    used 14129K, capacity 14627K, committed 15488K, reserved 1048576K
}
Event: 337155.101 GC heap after
{Heap after GC invocations=2534 (full 450):
 garbage-first heap   total 434176K, used 127878K [0x0000000740000000, 0x0000000800000000)
  region size 1024K, 1 young (1024K), 1 survivors (1024K)
 Metaspace       used 109444K, capacity 110822K, committed 113288K, reserved 1146880K
  class space    used 14129K, capacity 14627K, committed 15488K, reserved 1048576K
}
Event: 337237.117 GC heap before
{Heap before GC invocations=2535 (full 450):
 garbage-first heap   total 434176K, used 188294K [0x0000000740000000, 0x0000000800000000)
  region size 1024K, 60 young (61440K), 1 survivors (1024K)
 Metaspace       used 109444K, capacity 110822K, committed 113288K, reserved 1146880K
  class space    used 14129K, capacity 14627K, committed 15488K, reserved 1048576K
}
Event: 337237.122 GC heap after
{Heap after GC invocations=2536 (full 450):
 garbage-first heap   total 434176K, used 127900K [0x0000000740000000, 0x0000000800000000)
  region size 1024K, 1 young (1024K), 1 survivors (1024K)
 Metaspace       used 109444K, capacity 110822K, committed 113288K, reserved 1146880K
  class space    used 14129K, capacity 14627K, committed 15488K, reserved 1048576K
}
Event: 337320.093 GC heap before
{Heap before GC invocations=2536 (full 450):
 garbage-first heap   total 434176K, used 188316K [0x0000000740000000, 0x0000000800000000)
  region size 1024K, 60 young (61440K), 1 survivors (1024K)
 Metaspace       used 109444K, capacity 110822K, committed 113288K, reserved 1146880K
  class space    used 14129K, capacity 14627K, committed 15488K, reserved 1048576K
}
Event: 337320.095 GC heap after
{Heap after GC invocations=2537 (full 450):
 garbage-first heap   total 434176K, used 127928K [0x0000000740000000, 0x0000000800000000)
  region size 1024K, 1 young (1024K), 1 survivors (1024K)
 Metaspace       used 109444K, capacity 110822K, committed 113288K, reserved 1146880K
  class space    used 14129K, capacity 14627K, committed 15488K, reserved 1048576K
}
Event: 337402.890 GC heap before
{Heap before GC invocations=2538 (full 450):
 garbage-first heap   total 434176K, used 188344K [0x0000000740000000, 0x0000000800000000)
  region size 1024K, 60 young (61440K), 1 survivors (1024K)
 Metaspace       used 109444K, capacity 110822K, committed 113288K, reserved 1146880K
  class space    used 14129K, capacity 14627K, committed 15488K, reserved 1048576K
}
Event: 337402.892 GC heap after
{Heap after GC invocations=2539 (full 450):
 garbage-first heap   total 434176K, used 127928K [0x0000000740000000, 0x0000000800000000)
  region size 1024K, 1 young (1024K), 1 survivors (1024K)
 Metaspace       used 109444K, capacity 110822K, committed 113288K, reserved 1146880K
  class space    used 14129K, capacity 14627K, committed 15488K, reserved 1048576K
}
Event: 337488.777 GC heap before
{Heap before GC invocations=2539 (full 450):
 garbage-first heap   total 434176K, used 188344K [0x0000000740000000, 0x0000000800000000)
  region size 1024K, 60 young (61440K), 1 survivors (1024K)
 Metaspace       used 109444K, capacity 110822K, committed 113288K, reserved 1146880K
  class space    used 14129K, capacity 14627K, committed 15488K, reserved 1048576K
}
Event: 337488.783 GC heap after
{Heap after GC invocations=2540 (full 450):
 garbage-first heap   total 434176K, used 127930K [0x0000000740000000, 0x0000000800000000)
  region size 1024K, 1 young (1024K), 1 survivors (1024K)
 Metaspace       used 109444K, capacity 110822K, committed 113288K, reserved 1146880K
  class space    used 14129K, capacity 14627K, committed 15488K, reserved 1048576K
}

